<?xml version="1.0" encoding="UTF-8"?>
<coverage generated="1710237281091" clover="3.2.0">
  <project timestamp="1710237281092" name="All files">
    <metrics statements="2" coveredstatements="2" conditionals="1" coveredconditionals="0" methods="1" coveredmethods="1" elements="4" coveredelements="3" complexity="0" loc="2" ncloc="2" packages="1" files="1" classes="1"/>
    <file name="index.tsx" path="/Users/praveen/Desktop/delta-react/src/components/DisplayCount/index.tsx">
      <metrics statements="2" coveredstatements="2" conditionals="1" coveredconditionals="0" methods="1" coveredmethods="1"/>
      <line num="8" count="1" type="stmt"/>
      <line num="12" count="1" type="stmt"/>
    </file>
  </project>
</coverage>
