{
  "/Users/praveen/Desktop/delta-react/src/components/DisplayCount/index.tsx": {
    "path": "/Users/praveen/Desktop/delta-react/src/components/DisplayCount/index.tsx",
    "statementMap": {
      "0": {
        "start": { "line": 8, "column": 58 },
        "end": { "line": 18, "column": 1 }
      },
      "1": {
        "start": { "line": 12, "column": 2 },
        "end": { "line": 17, "column": 4 }
      }
    },
    "fnMap": {
      "0": {
        "name": "(anonymous_0)",
        "decl": {
          "start": { "line": 8, "column": 58 },
          "end": { "line": 8, "column": 59 }
        },
        "loc": {
          "start": { "line": 11, "column": 6 },
          "end": { "line": 18, "column": 1 }
        },
        "line": 11
      }
    },
    "branchMap": {
      "0": {
        "loc": {
          "start": { "line": 9, "column": 2 },
          "end": { "line": 9, "column": 19 }
        },
        "type": "default-arg",
        "locations": [
          {
            "start": { "line": 9, "column": 13 },
            "end": { "line": 9, "column": 19 }
          }
        ],
        "line": 9
      }
    },
    "s": { "0": 1, "1": 1 },
    "f": { "0": 1 },
    "b": { "0": [0] },
    "_coverageSchema": "1a1c01bbd47fc00a2c39e90264f33305004495a9",
    "hash": "3ecb0dd5bb277c5495a2c655d89f785a191383af"
  }
}
